{
  "RSpec": {
    "coverage": {
      "/Users/santiagoperez/Documents/personal/contacts/app/models/contact_file.rb": {
        "lines": [
          1,
          null,
          1,
          null,
          1,
          1,
          1,
          null,
          1,
          1,
          1,
          null,
          null
        ]
      },
      "/Users/santiagoperez/Documents/personal/contacts/spec/models/contact_spec.rb": {
        "lines": [
          1,
          null,
          1,
          null,
          2,
          2,
          2,
          2,
          2,
          2,
          null,
          2,
          2,
          null,
          null
        ]
      },
      "/Users/santiagoperez/Documents/personal/contacts/app/models/contact.rb": {
        "lines": [
          1,
          null,
          1,
          1,
          null,
          1,
          1,
          1,
          1,
          1,
          1,
          null,
          1,
          1,
          1,
          null,
          1,
          1,
          null,
          1,
          null,
          1,
          null,
          1,
          14,
          14,
          null,
          null,
          1,
          null,
          0,
          0,
          null,
          0,
          0,
          null,
          null,
          null,
          1,
          null,
          14,
          0,
          null,
          0,
          null,
          14,
          null,
          null,
          null,
          1,
          14,
          14,
          null,
          14,
          null,
          null,
          null
        ]
      },
      "/Users/santiagoperez/Documents/personal/contacts/spec/models/failed_contact_spec.rb": {
        "lines": [
          1,
          null,
          1,
          null,
          2,
          null,
          null
        ]
      },
      "/Users/santiagoperez/Documents/personal/contacts/app/models/failed_contact.rb": {
        "lines": [
          1,
          null,
          1,
          null,
          1,
          1,
          null,
          1,
          null,
          1,
          0,
          0,
          null,
          null,
          1,
          null,
          0,
          0,
          null,
          0,
          0,
          null,
          null,
          null,
          null
        ]
      },
      "/Users/santiagoperez/Documents/personal/contacts/spec/models/user_spec.rb": {
        "lines": [
          1,
          null,
          1,
          null,
          2,
          null,
          2,
          2,
          null,
          null
        ]
      },
      "/Users/santiagoperez/Documents/personal/contacts/spec/services/manage_contact_file_spec.rb": {
        "lines": [
          1,
          null,
          1,
          null,
          3,
          null,
          1,
          1,
          1,
          1,
          1,
          1,
          1,
          null,
          null,
          1,
          1,
          1,
          1,
          1,
          1,
          null,
          null,
          null,
          null
        ]
      },
      "/Users/santiagoperez/Documents/personal/contacts/app/services/manage_contact_file.rb": {
        "lines": [
          1,
          null,
          1,
          null,
          1,
          2,
          2,
          2,
          null,
          null,
          1,
          null,
          null,
          2,
          1,
          null,
          2,
          null,
          1,
          null,
          1,
          null,
          1,
          null,
          1,
          1,
          1,
          null,
          1,
          null,
          0,
          null,
          null,
          null,
          1,
          1,
          1,
          null,
          null,
          null,
          1,
          null,
          1,
          2,
          null,
          null,
          null
        ]
      },
      "/Users/santiagoperez/Documents/personal/contacts/spec/services/manage_contacts_csv_spec.rb": {
        "lines": [
          1,
          null,
          1,
          null,
          2,
          1,
          null,
          1,
          1,
          1,
          null,
          1,
          null,
          null,
          null,
          null,
          null,
          null,
          null,
          null,
          null,
          null,
          null,
          null,
          null,
          1,
          1,
          1,
          null,
          1,
          1,
          1,
          1,
          null,
          null,
          null,
          null
        ]
      },
      "/Users/santiagoperez/Documents/personal/contacts/app/services/manage_contacts_csv.rb": {
        "lines": [
          1,
          null,
          1,
          null,
          1,
          1,
          1,
          1,
          null,
          null,
          1,
          null,
          1,
          null,
          0,
          0,
          0,
          null,
          0,
          0,
          0,
          0,
          0,
          0,
          0,
          null,
          0,
          null,
          0,
          0,
          null,
          0,
          null,
          null,
          null,
          0,
          null,
          0,
          null,
          0,
          0,
          0,
          0,
          null,
          null,
          null,
          1,
          null,
          1,
          0,
          0,
          null,
          0,
          0,
          null,
          null,
          1,
          0,
          0,
          0,
          0,
          0,
          0,
          0,
          null,
          null,
          null,
          null,
          1,
          1,
          null,
          null,
          null
        ]
      }
    },
    "timestamp": 1614634000
  }
}
